pygame 2.3.0 (SDL 2.24.2, Python 3.10.6)
Hello from the pygame community. https://www.pygame.org/contribute.html
size:8, sorting=MIN_DIST
  seed:125
  seed:126
  seed:127
  seed:128
  seed:129
  seed:130
  seed:131
  seed:132
  seed:133
  seed:134
  seed:135
  seed:136
  seed:137
  seed:138
  seed:139
  seed:140
  seed:141
  seed:142
  seed:143
  seed:144
  seed:145
  seed:146
  seed:147
  seed:148
  seed:149


size:8, sorting=GROW_LARGEST
  seed:125
  seed:126
  seed:127
  seed:128
  seed:129
  seed:130
  seed:131
  seed:132
  seed:133
  seed:134
  seed:135
  seed:136
  seed:137
  seed:138
  seed:139
  seed:140
  seed:141
  seed:142
  seed:143
  seed:144
  seed:145
  seed:146
  seed:147
  seed:148
  seed:149


size:8, sorting=GROW_SMALLEST
  seed:125
  seed:126
  seed:127
  seed:128
  seed:129
  seed:130
  seed:131
  seed:132
  seed:133
  seed:134
  seed:135
  seed:136
  seed:137
  seed:138
  seed:139
  seed:140
  seed:141
  seed:142
  seed:143
  seed:144
  seed:145
  seed:146
  seed:147
  seed:148
  seed:149


size:9, sorting=MIN_DIST
  seed:125
  seed:126
  seed:127
  seed:128
  seed:129
  seed:130
  seed:131
  seed:132
  seed:133
  seed:134
  seed:135
  seed:136
  seed:137
  seed:138
  seed:139
  seed:140
  seed:141
  seed:142
  seed:143
  seed:144
  seed:145
  seed:146
  seed:147
  seed:148
  seed:149


size:9, sorting=GROW_LARGEST
  seed:125
  seed:126
  seed:127
  seed:128
  seed:129
  seed:130
  seed:131
  seed:132
  seed:133
  seed:134
  seed:135
  seed:136
  seed:137
  seed:138
  seed:139
  seed:140
  seed:141
  seed:142
  seed:143
  seed:144
  seed:145
  seed:146
  seed:147
  seed:148
  seed:149


size:9, sorting=GROW_SMALLEST
  seed:125
  seed:126
  seed:127
  seed:128
  seed:129
  seed:130
  seed:131
  seed:132
  seed:133
  seed:134
  seed:135
  seed:136
  seed:137
  seed:138
  seed:139
  seed:140
  seed:141
  seed:142
  seed:143
  seed:144
  seed:145
  seed:146
  seed:147
  seed:148
  seed:149


