pygame 2.3.0 (SDL 2.24.2, Python 3.10.6)
Hello from the pygame community. https://www.pygame.org/contribute.html
size:8, sorting=MIN_DIST
  seed:100
  seed:101
  seed:102
  seed:103
  seed:104
  seed:105
  seed:106
  seed:107
  seed:108
  seed:109
  seed:110
  seed:111
  seed:112
  seed:113
  seed:114
  seed:115
  seed:116
  seed:117
  seed:118
  seed:119
  seed:120
  seed:121
  seed:122
  seed:123
  seed:124


size:8, sorting=GROW_LARGEST
  seed:100
  seed:101
  seed:102
  seed:103
  seed:104
  seed:105
  seed:106
  seed:107
  seed:108
  seed:109
  seed:110
  seed:111
  seed:112
  seed:113
  seed:114
  seed:115
  seed:116
  seed:117
  seed:118
  seed:119
  seed:120
  seed:121
  seed:122
  seed:123
  seed:124


size:8, sorting=GROW_SMALLEST
  seed:100
  seed:101
  seed:102
  seed:103
  seed:104
  seed:105
  seed:106
  seed:107
  seed:108
  seed:109
  seed:110
  seed:111
  seed:112
  seed:113
  seed:114
  seed:115
  seed:116
  seed:117
  seed:118
  seed:119
  seed:120
  seed:121
  seed:122
  seed:123
  seed:124


size:9, sorting=MIN_DIST
  seed:100
  seed:101
  seed:102
  seed:103
  seed:104
  seed:105
  seed:106
  seed:107
  seed:108
  seed:109
  seed:110
  seed:111
  seed:112
  seed:113
  seed:114
  seed:115
  seed:116
  seed:117
  seed:118
  seed:119
  seed:120
  seed:121
  seed:122
  seed:123
  seed:124


size:9, sorting=GROW_LARGEST
  seed:100
  seed:101
  seed:102
  seed:103
  seed:104
  seed:105
  seed:106
  seed:107
  seed:108
  seed:109
  seed:110
  seed:111
  seed:112
  seed:113
  seed:114
  seed:115
  seed:116
  seed:117
  seed:118
  seed:119
  seed:120
  seed:121
  seed:122
  seed:123
  seed:124


size:9, sorting=GROW_SMALLEST
  seed:100
  seed:101
  seed:102
  seed:103
  seed:104
  seed:105
  seed:106
  seed:107
  seed:108
  seed:109
  seed:110
  seed:111
  seed:112
  seed:113
  seed:114
  seed:115
  seed:116
  seed:117
  seed:118
  seed:119
  seed:120
  seed:121
  seed:122
  seed:123
  seed:124


