pygame 2.3.0 (SDL 2.24.2, Python 3.10.6)
Hello from the pygame community. https://www.pygame.org/contribute.html
size:5, sorting=MIN_DIST
  seed:100
  seed:101
  seed:102
  seed:103
  seed:104
  seed:105
  seed:106
  seed:107
  seed:108
  seed:109
  seed:110
  seed:111
  seed:112
  seed:113
  seed:114
  seed:115
  seed:116
  seed:117
  seed:118
  seed:119
  seed:120
  seed:121
  seed:122
  seed:123
  seed:124
  seed:125
  seed:126
  seed:127
  seed:128
  seed:129
  seed:130
  seed:131
  seed:132
  seed:133
  seed:134
  seed:135
  seed:136
  seed:137
  seed:138
  seed:139
  seed:140
  seed:141
  seed:142
  seed:143
  seed:144
  seed:145
  seed:146
  seed:147
  seed:148
  seed:149


size:5, sorting=GROW_LARGEST
  seed:100
  seed:101
  seed:102
  seed:103
  seed:104
  seed:105
  seed:106
  seed:107
  seed:108
  seed:109
  seed:110
  seed:111
  seed:112
  seed:113
  seed:114
  seed:115
  seed:116
  seed:117
  seed:118
  seed:119
  seed:120
  seed:121
  seed:122
  seed:123
  seed:124
  seed:125
  seed:126
  seed:127
  seed:128
  seed:129
  seed:130
  seed:131
  seed:132
  seed:133
  seed:134
  seed:135
  seed:136
  seed:137
  seed:138
  seed:139
  seed:140
  seed:141
  seed:142
  seed:143
  seed:144
  seed:145
  seed:146
  seed:147
  seed:148
  seed:149


size:5, sorting=GROW_SMALLEST
  seed:100
  seed:101
  seed:102
  seed:103
  seed:104
  seed:105
  seed:106
  seed:107
  seed:108
  seed:109
  seed:110
  seed:111
  seed:112
  seed:113
  seed:114
  seed:115
  seed:116
  seed:117
  seed:118
  seed:119
  seed:120
  seed:121
  seed:122
  seed:123
  seed:124
  seed:125
  seed:126
  seed:127
  seed:128
  seed:129
  seed:130
  seed:131
  seed:132
  seed:133
  seed:134
  seed:135
  seed:136
  seed:137
  seed:138
  seed:139
  seed:140
  seed:141
  seed:142
  seed:143
  seed:144
  seed:145
  seed:146
  seed:147
  seed:148
  seed:149


size:6, sorting=MIN_DIST
  seed:100
  seed:101
  seed:102
  seed:103
  seed:104
  seed:105
  seed:106
  seed:107
  seed:108
  seed:109
  seed:110
  seed:111
  seed:112
  seed:113
  seed:114
  seed:115
  seed:116
  seed:117
  seed:118
  seed:119
  seed:120
  seed:121
  seed:122
  seed:123
  seed:124
  seed:125
  seed:126
  seed:127
  seed:128
  seed:129
  seed:130
  seed:131
  seed:132
  seed:133
  seed:134
  seed:135
  seed:136
  seed:137
  seed:138
  seed:139
  seed:140
  seed:141
  seed:142
  seed:143
  seed:144
  seed:145
  seed:146
  seed:147
  seed:148
  seed:149


size:6, sorting=GROW_LARGEST
  seed:100
  seed:101
  seed:102
  seed:103
  seed:104
  seed:105
  seed:106
  seed:107
  seed:108
  seed:109
  seed:110
  seed:111
  seed:112
  seed:113
  seed:114
  seed:115
  seed:116
  seed:117
  seed:118
  seed:119
  seed:120
  seed:121
  seed:122
  seed:123
  seed:124
  seed:125
  seed:126
  seed:127
  seed:128
  seed:129
  seed:130
  seed:131
  seed:132
  seed:133
  seed:134
  seed:135
  seed:136
  seed:137
  seed:138
  seed:139
  seed:140
  seed:141
  seed:142
  seed:143
  seed:144
  seed:145
  seed:146
  seed:147
  seed:148
  seed:149


size:6, sorting=GROW_SMALLEST
  seed:100
  seed:101
  seed:102
  seed:103
  seed:104
  seed:105
  seed:106
  seed:107
  seed:108
  seed:109
  seed:110
  seed:111
  seed:112
  seed:113
  seed:114
  seed:115
  seed:116
  seed:117
  seed:118
  seed:119
  seed:120
  seed:121
  seed:122
  seed:123
  seed:124
  seed:125
  seed:126
  seed:127
  seed:128
  seed:129
  seed:130
  seed:131
  seed:132
  seed:133
  seed:134
  seed:135
  seed:136
  seed:137
  seed:138
  seed:139
  seed:140
  seed:141
  seed:142
  seed:143
  seed:144
  seed:145
  seed:146
  seed:147
  seed:148
  seed:149


size:7, sorting=MIN_DIST
  seed:100
  seed:101
  seed:102
  seed:103
  seed:104
  seed:105
  seed:106
  seed:107
  seed:108
  seed:109
  seed:110
  seed:111
  seed:112
  seed:113
  seed:114
  seed:115
  seed:116
  seed:117
  seed:118
  seed:119
  seed:120
  seed:121
  seed:122
  seed:123
  seed:124
  seed:125
  seed:126
  seed:127
  seed:128
  seed:129
  seed:130
  seed:131
  seed:132
  seed:133
  seed:134
  seed:135
  seed:136
  seed:137
  seed:138
  seed:139
  seed:140
  seed:141
  seed:142
  seed:143
  seed:144
  seed:145
  seed:146
  seed:147
  seed:148
  seed:149


size:7, sorting=GROW_LARGEST
  seed:100
  seed:101
  seed:102
  seed:103
  seed:104
  seed:105
  seed:106
  seed:107
  seed:108
  seed:109
  seed:110
  seed:111
  seed:112
  seed:113
  seed:114
  seed:115
  seed:116
  seed:117
  seed:118
  seed:119
  seed:120
  seed:121
  seed:122
  seed:123
  seed:124
  seed:125
  seed:126
  seed:127
  seed:128
  seed:129
  seed:130
  seed:131
  seed:132
  seed:133
  seed:134
  seed:135
  seed:136
  seed:137
  seed:138
  seed:139
  seed:140
  seed:141
  seed:142
  seed:143
  seed:144
  seed:145
  seed:146
  seed:147
  seed:148
  seed:149


size:7, sorting=GROW_SMALLEST
  seed:100
  seed:101
  seed:102
  seed:103
  seed:104
  seed:105
  seed:106
  seed:107
  seed:108
  seed:109
  seed:110
  seed:111
  seed:112
  seed:113
  seed:114
  seed:115
  seed:116
  seed:117
  seed:118
  seed:119
  seed:120
  seed:121
  seed:122
  seed:123
  seed:124
  seed:125
  seed:126
  seed:127
  seed:128
  seed:129
  seed:130
  seed:131
  seed:132
  seed:133
  seed:134
  seed:135
  seed:136
  seed:137
  seed:138
  seed:139
  seed:140
  seed:141
  seed:142
  seed:143
  seed:144
  seed:145
  seed:146
  seed:147
  seed:148
  seed:149


