pygame 2.3.0 (SDL 2.24.2, Python 3.10.6)
Hello from the pygame community. https://www.pygame.org/contribute.html
size:8, sorting=MIN_DIST
  seed:150
  seed:151
  seed:152
  seed:153
  seed:154
  seed:155
  seed:156
  seed:157
  seed:158
  seed:159
  seed:160
  seed:161
  seed:162
  seed:163
  seed:164
  seed:165
  seed:166
  seed:167
  seed:168
  seed:169
  seed:170
  seed:171
  seed:172
  seed:173
  seed:174


size:8, sorting=GROW_LARGEST
  seed:150
  seed:151
  seed:152
  seed:153
  seed:154
  seed:155
  seed:156
  seed:157
  seed:158
  seed:159
  seed:160
  seed:161
slurmstepd-algry01: error: *** JOB 415444 ON algry01 CANCELLED AT 2023-04-20T12:56:47 ***
