pygame 2.3.0 (SDL 2.24.2, Python 3.10.6)
Hello from the pygame community. https://www.pygame.org/contribute.html
size:5, sorting=MIN_DIST
  seed:150
  seed:151
  seed:152
  seed:153
  seed:154
  seed:155
  seed:156
  seed:157
  seed:158
  seed:159
  seed:160
  seed:161
  seed:162
  seed:163
  seed:164
  seed:165
  seed:166
  seed:167
  seed:168
  seed:169
  seed:170
  seed:171
  seed:172
  seed:173
  seed:174
  seed:175
  seed:176
  seed:177
  seed:178
  seed:179
  seed:180
  seed:181
  seed:182
  seed:183
  seed:184
  seed:185
  seed:186
  seed:187
  seed:188
  seed:189
  seed:190
  seed:191
  seed:192
  seed:193
  seed:194
  seed:195
  seed:196
  seed:197
  seed:198
  seed:199


size:5, sorting=GROW_LARGEST
  seed:150
  seed:151
  seed:152
  seed:153
  seed:154
  seed:155
  seed:156
  seed:157
  seed:158
  seed:159
  seed:160
  seed:161
  seed:162
  seed:163
  seed:164
  seed:165
  seed:166
  seed:167
  seed:168
  seed:169
  seed:170
  seed:171
  seed:172
  seed:173
  seed:174
  seed:175
  seed:176
  seed:177
  seed:178
  seed:179
  seed:180
  seed:181
  seed:182
  seed:183
  seed:184
  seed:185
  seed:186
  seed:187
  seed:188
  seed:189
  seed:190
  seed:191
  seed:192
  seed:193
  seed:194
  seed:195
  seed:196
  seed:197
  seed:198
  seed:199


size:5, sorting=GROW_SMALLEST
  seed:150
  seed:151
  seed:152
  seed:153
  seed:154
  seed:155
  seed:156
  seed:157
  seed:158
  seed:159
  seed:160
  seed:161
  seed:162
  seed:163
  seed:164
  seed:165
  seed:166
  seed:167
  seed:168
  seed:169
  seed:170
  seed:171
  seed:172
  seed:173
  seed:174
  seed:175
  seed:176
  seed:177
  seed:178
  seed:179
  seed:180
  seed:181
  seed:182
  seed:183
  seed:184
  seed:185
  seed:186
  seed:187
  seed:188
  seed:189
  seed:190
  seed:191
  seed:192
  seed:193
  seed:194
  seed:195
  seed:196
  seed:197
  seed:198
  seed:199


size:6, sorting=MIN_DIST
  seed:150
  seed:151
  seed:152
  seed:153
  seed:154
  seed:155
  seed:156
  seed:157
  seed:158
  seed:159
  seed:160
  seed:161
  seed:162
  seed:163
  seed:164
  seed:165
  seed:166
  seed:167
  seed:168
  seed:169
  seed:170
  seed:171
  seed:172
  seed:173
  seed:174
  seed:175
  seed:176
  seed:177
  seed:178
  seed:179
  seed:180
  seed:181
  seed:182
  seed:183
  seed:184
  seed:185
  seed:186
  seed:187
  seed:188
  seed:189
  seed:190
  seed:191
  seed:192
  seed:193
  seed:194
  seed:195
  seed:196
  seed:197
  seed:198
  seed:199


size:6, sorting=GROW_LARGEST
  seed:150
  seed:151
  seed:152
  seed:153
  seed:154
  seed:155
  seed:156
  seed:157
  seed:158
  seed:159
  seed:160
  seed:161
  seed:162
  seed:163
  seed:164
  seed:165
  seed:166
  seed:167
  seed:168
  seed:169
  seed:170
  seed:171
  seed:172
  seed:173
  seed:174
  seed:175
  seed:176
  seed:177
  seed:178
  seed:179
  seed:180
  seed:181
  seed:182
  seed:183
  seed:184
  seed:185
  seed:186
  seed:187
  seed:188
  seed:189
  seed:190
  seed:191
  seed:192
  seed:193
  seed:194
  seed:195
  seed:196
  seed:197
  seed:198
  seed:199


size:6, sorting=GROW_SMALLEST
  seed:150
  seed:151
  seed:152
  seed:153
  seed:154
  seed:155
  seed:156
  seed:157
  seed:158
  seed:159
  seed:160
  seed:161
  seed:162
  seed:163
  seed:164
  seed:165
  seed:166
  seed:167
  seed:168
  seed:169
  seed:170
  seed:171
  seed:172
  seed:173
  seed:174
  seed:175
  seed:176
  seed:177
  seed:178
  seed:179
  seed:180
  seed:181
  seed:182
  seed:183
  seed:184
  seed:185
  seed:186
  seed:187
  seed:188
  seed:189
  seed:190
  seed:191
  seed:192
  seed:193
  seed:194
  seed:195
  seed:196
  seed:197
  seed:198
  seed:199


size:7, sorting=MIN_DIST
  seed:150
  seed:151
  seed:152
  seed:153
  seed:154
  seed:155
  seed:156
  seed:157
  seed:158
  seed:159
  seed:160
  seed:161
  seed:162
  seed:163
  seed:164
  seed:165
  seed:166
  seed:167
  seed:168
  seed:169
  seed:170
  seed:171
  seed:172
  seed:173
  seed:174
  seed:175
  seed:176
  seed:177
  seed:178
  seed:179
  seed:180
  seed:181
  seed:182
  seed:183
  seed:184
  seed:185
  seed:186
  seed:187
  seed:188
  seed:189
  seed:190
  seed:191
  seed:192
  seed:193
  seed:194
  seed:195
  seed:196
  seed:197
  seed:198
  seed:199


size:7, sorting=GROW_LARGEST
  seed:150
  seed:151
  seed:152
  seed:153
  seed:154
  seed:155
  seed:156
  seed:157
  seed:158
  seed:159
  seed:160
  seed:161
  seed:162
  seed:163
  seed:164
  seed:165
  seed:166
  seed:167
  seed:168
  seed:169
  seed:170
  seed:171
  seed:172
  seed:173
  seed:174
  seed:175
  seed:176
  seed:177
  seed:178
  seed:179
  seed:180
  seed:181
  seed:182
  seed:183
  seed:184
  seed:185
  seed:186
  seed:187
  seed:188
  seed:189
  seed:190
  seed:191
  seed:192
  seed:193
  seed:194
  seed:195
  seed:196
  seed:197
  seed:198
  seed:199


size:7, sorting=GROW_SMALLEST
  seed:150
  seed:151
  seed:152
  seed:153
  seed:154
  seed:155
  seed:156
  seed:157
  seed:158
  seed:159
  seed:160
  seed:161
  seed:162
  seed:163
  seed:164
  seed:165
  seed:166
  seed:167
  seed:168
  seed:169
  seed:170
  seed:171
  seed:172
  seed:173
  seed:174
  seed:175
  seed:176
  seed:177
  seed:178
  seed:179
  seed:180
  seed:181
  seed:182
  seed:183
  seed:184
  seed:185
  seed:186
  seed:187
  seed:188
  seed:189
  seed:190
  seed:191
  seed:192
  seed:193
  seed:194
  seed:195
  seed:196
  seed:197
  seed:198
  seed:199


